<?xml version="1.0" encoding="UTF-8"?>
<!-- Generated by org.testng.reporters.JUnitReportReporter -->
<testsuite hostname="OJAS00271" failures="0" tests="2" name="Learning.BasicTestNG" time="0.008" errors="0" timestamp="2021-05-12T21:45:04 IST" skipped="0">
  <testcase classname="Learning.BasicTestNG" name="Test11" time="0.007"/>
  <system-out/>
  <testcase classname="Learning.BasicTestNG" name="test" time="0.001"/>
  <system-out/>
</testsuite> <!-- Learning.BasicTestNG -->
