<?xml version="1.0" encoding="UTF-8"?>
<!-- Generated by org.testng.reporters.JUnitReportReporter -->
<testsuite hostname="OJAS00271" failures="0" tests="1" name="Learning.BatchExecution1" time="0.001" errors="0" timestamp="2021-05-12T21:26:25 IST" skipped="0">
  <testcase classname="Learning.BatchExecution1" name="test12" time="0.001"/>
  <system-out/>
</testsuite> <!-- Learning.BatchExecution1 -->
