<?xml version="1.0" encoding="UTF-8"?>
<!-- Generated by org.testng.reporters.JUnitReportReporter -->
<testsuite hostname="OJAS00271" failures="0" tests="1" name="Learning.TestCase_1" time="16.376" errors="0" timestamp="2021-05-18T11:28:59 IST" skipped="0">
  <testcase classname="Learning.TestCase_1" name="test" time="16.376"/>
  <system-out/>
</testsuite> <!-- Learning.TestCase_1 -->
